# JRE version: OpenJDK Runtime Environment (8.0_242-b01) (build 1.8.0_242-release-1644-b01)
# Java VM: OpenJDK 64-Bit Server VM (25.242-b01 mixed mode windows-amd64 compressed oops)
Heap:
 PSYoungGen      total 187392K, used 16046K [0x00000000e0000000, 0x00000000ee200000, 0x0000000100000000)
  eden space 169984K, 9% used [0x00000000e0000000,0x00000000e0fab988,0x00000000ea600000)
  from space 17408K, 0% used [0x00000000eba00000,0x00000000eba00000,0x00000000ecb00000)
  to   space 20480K, 0% used [0x00000000ea600000,0x00000000ea600000,0x00000000eba00000)
 ParOldGen       total 140800K, used 42105K [0x00000000a0000000, 0x00000000a8980000, 0x00000000e0000000)
  object space 140800K, 29% used [0x00000000a0000000,0x00000000a291e7d8,0x00000000a8980000)
 Metaspace       used 57424K, capacity 59560K, committed 59668K, reserved 1099776K
  class space    used 7811K, capacity 8381K, committed 8468K, reserved 1048576K
GC Heap History (10 events):
Event: 44.618 GC heap before
{Heap before GC invocations=11 (full 2):
 PSYoungGen      total 123392K, used 12769K [0x00000000e0000000, 0x00000000eb600000, 0x0000000100000000)
  eden space 110592K, 0% used [0x00000000e0000000,0x00000000e0000000,0x00000000e6c00000)
  from space 12800K, 99% used [0x00000000e6c00000,0x00000000e7878460,0x00000000e7880000)
  to   space 14336K, 0% used [0x00000000ea800000,0x00000000ea800000,0x00000000eb600000)
 ParOldGen       total 55808K, used 9362K [0x00000000a0000000, 0x00000000a3680000, 0x00000000e0000000)
  object space 55808K, 16% used [0x00000000a0000000,0x00000000a0924b80,0x00000000a3680000)
 Metaspace       used 34637K, capacity 35364K, committed 35416K, reserved 1079296K
  class space    used 4717K, capacity 4913K, committed 4952K, reserved 1048576K
Event: 45.017 GC heap after
Heap after GC invocations=11 (full 2):
 PSYoungGen      total 123392K, used 0K [0x00000000e0000000, 0x00000000eb600000, 0x0000000100000000)
  eden space 110592K, 0% used [0x00000000e0000000,0x00000000e0000000,0x00000000e6c00000)
  from space 12800K, 0% used [0x00000000e6c00000,0x00000000e6c00000,0x00000000e7880000)
  to   space 14336K, 0% used [0x00000000ea800000,0x00000000ea800000,0x00000000eb600000)
 ParOldGen       total 88064K, used 19585K [0x00000000a0000000, 0x00000000a5600000, 0x00000000e0000000)
  object space 88064K, 22% used [0x00000000a0000000,0x00000000a13207c0,0x00000000a5600000)
 Metaspace       used 34637K, capacity 35364K, committed 35416K, reserved 1079296K
  class space    used 4717K, capacity 4913K, committed 4952K, reserved 1048576K
}
Event: 56.029 GC heap before
{Heap before GC invocations=12 (full 2):
 PSYoungGen      total 123392K, used 110592K [0x00000000e0000000, 0x00000000eb600000, 0x0000000100000000)
  eden space 110592K, 100% used [0x00000000e0000000,0x00000000e6c00000,0x00000000e6c00000)
  from space 12800K, 0% used [0x00000000e6c00000,0x00000000e6c00000,0x00000000e7880000)
  to   space 14336K, 0% used [0x00000000ea800000,0x00000000ea800000,0x00000000eb600000)
 ParOldGen       total 88064K, used 19585K [0x00000000a0000000, 0x00000000a5600000, 0x00000000e0000000)
  object space 88064K, 22% used [0x00000000a0000000,0x00000000a13207c0,0x00000000a5600000)
 Metaspace       used 45127K, capacity 46230K, committed 46552K, reserved 1089536K
  class space    used 6016K, capacity 6290K, committed 6360K, reserved 1048576K
Event: 56.067 GC heap after
Heap after GC invocations=12 (full 2):
 PSYoungGen      total 153600K, used 14322K [0x00000000e0000000, 0x00000000eb600000, 0x0000000100000000)
  eden space 139264K, 0% used [0x00000000e0000000,0x00000000e0000000,0x00000000e8800000)
  from space 14336K, 99% used [0x00000000ea800000,0x00000000eb5fcb78,0x00000000eb600000)
  to   space 16384K, 0% used [0x00000000e9600000,0x00000000e9600000,0x00000000ea600000)
 ParOldGen       total 88064K, used 19912K [0x00000000a0000000, 0x00000000a5600000, 0x00000000e0000000)
  object space 88064K, 22% used [0x00000000a0000000,0x00000000a1372138,0x00000000a5600000)
 Metaspace       used 45127K, capacity 46230K, committed 46552K, reserved 1089536K
  class space    used 6016K, capacity 6290K, committed 6360K, reserved 1048576K
}
Event: 67.795 GC heap before
{Heap before GC invocations=13 (full 2):
 PSYoungGen      total 153600K, used 153586K [0x00000000e0000000, 0x00000000eb600000, 0x0000000100000000)
  eden space 139264K, 100% used [0x00000000e0000000,0x00000000e8800000,0x00000000e8800000)
  from space 14336K, 99% used [0x00000000ea800000,0x00000000eb5fcb78,0x00000000eb600000)
  to   space 16384K, 0% used [0x00000000e9600000,0x00000000e9600000,0x00000000ea600000)
 ParOldGen       total 88064K, used 19912K [0x00000000a0000000, 0x00000000a5600000, 0x00000000e0000000)
  object space 88064K, 22% used [0x00000000a0000000,0x00000000a1372138,0x00000000a5600000)
 Metaspace       used 51514K, capacity 53132K, committed 53336K, reserved 1095680K
  class space    used 6934K, capacity 7386K, committed 7512K, reserved 1048576K
Event: 67.869 GC heap after
Heap after GC invocations=13 (full 2):
 PSYoungGen      total 169984K, used 13158K [0x00000000e0000000, 0x00000000ecb00000, 0x0000000100000000)
  eden space 153600K, 0% used [0x00000000e0000000,0x00000000e0000000,0x00000000e9600000)
  from space 16384K, 80% used [0x00000000e9600000,0x00000000ea2d9858,0x00000000ea600000)
  to   space 17408K, 0% used [0x00000000eba00000,0x00000000eba00000,0x00000000ecb00000)
 ParOldGen       total 88064K, used 25852K [0x00000000a0000000, 0x00000000a5600000, 0x00000000e0000000)
  object space 88064K, 29% used [0x00000000a0000000,0x00000000a193f170,0x00000000a5600000)
 Metaspace       used 51514K, capacity 53132K, committed 53336K, reserved 1095680K
  class space    used 6934K, capacity 7386K, committed 7512K, reserved 1048576K
}
Event: 77.766 GC heap before
{Heap before GC invocations=14 (full 2):
 PSYoungGen      total 169984K, used 134149K [0x00000000e0000000, 0x00000000ecb00000, 0x0000000100000000)
  eden space 153600K, 78% used [0x00000000e0000000,0x00000000e7627e60,0x00000000e9600000)
  from space 16384K, 80% used [0x00000000e9600000,0x00000000ea2d9858,0x00000000ea600000)
  to   space 17408K, 0% used [0x00000000eba00000,0x00000000eba00000,0x00000000ecb00000)
 ParOldGen       total 88064K, used 25852K [0x00000000a0000000, 0x00000000a5600000, 0x00000000e0000000)
  object space 88064K, 29% used [0x00000000a0000000,0x00000000a193f170,0x00000000a5600000)
 Metaspace       used 56896K, capacity 58968K, committed 59028K, reserved 1099776K
  class space    used 7732K, capacity 8281K, committed 8340K, reserved 1048576K
Event: 77.862 GC heap after
Heap after GC invocations=14 (full 2):
 PSYoungGen      total 187392K, used 17389K [0x00000000e0000000, 0x00000000ee200000, 0x0000000100000000)
  eden space 169984K, 0% used [0x00000000e0000000,0x00000000e0000000,0x00000000ea600000)
  from space 17408K, 99% used [0x00000000eba00000,0x00000000ecafb770,0x00000000ecb00000)
  to   space 20480K, 0% used [0x00000000ea600000,0x00000000ea600000,0x00000000eba00000)
 ParOldGen       total 88064K, used 28356K [0x00000000a0000000, 0x00000000a5600000, 0x00000000e0000000)
  object space 88064K, 32% used [0x00000000a0000000,0x00000000a1bb10e8,0x00000000a5600000)
 Metaspace       used 56896K, capacity 58968K, committed 59028K, reserved 1099776K
  class space    used 7732K, capacity 8281K, committed 8340K, reserved 1048576K
}
Event: 77.862 GC heap before
{Heap before GC invocations=15 (full 3):
 PSYoungGen      total 187392K, used 17389K [0x00000000e0000000, 0x00000000ee200000, 0x0000000100000000)
  eden space 169984K, 0% used [0x00000000e0000000,0x00000000e0000000,0x00000000ea600000)
  from space 17408K, 99% used [0x00000000eba00000,0x00000000ecafb770,0x00000000ecb00000)
  to   space 20480K, 0% used [0x00000000ea600000,0x00000000ea600000,0x00000000eba00000)
 ParOldGen       total 88064K, used 28356K [0x00000000a0000000, 0x00000000a5600000, 0x00000000e0000000)
  object space 88064K, 32% used [0x00000000a0000000,0x00000000a1bb10e8,0x00000000a5600000)
 Metaspace       used 56896K, capacity 58968K, committed 59028K, reserved 1099776K
  class space    used 7732K, capacity 8281K, committed 8340K, reserved 1048576K
Event: 79.200 GC heap after
Heap after GC invocations=15 (full 3):
 PSYoungGen      total 187392K, used 0K [0x00000000e0000000, 0x00000000ee200000, 0x0000000100000000)
  eden space 169984K, 0% used [0x00000000e0000000,0x00000000e0000000,0x00000000ea600000)
  from space 17408K, 0% used [0x00000000eba00000,0x00000000eba00000,0x00000000ecb00000)
  to   space 20480K, 0% used [0x00000000ea600000,0x00000000ea600000,0x00000000eba00000)
 ParOldGen       total 140800K, used 42105K [0x00000000a0000000, 0x00000000a8980000, 0x00000000e0000000)
  object space 140800K, 29% used [0x00000000a0000000,0x00000000a291e7d8,0x00000000a8980000)
 Metaspace       used 56896K, capacity 58968K, committed 59028K, reserved 1099776K
  class space    used 7732K, capacity 8281K, committed 8340K, reserved 1048576K
}

