# JRE version: OpenJDK Runtime Environment (8.0_242-b01) (build 1.8.0_242-release-1644-b01)
# Java VM: OpenJDK 64-Bit Server VM (25.242-b01 mixed mode windows-amd64 compressed oops)
Heap:
 PSYoungGen      total 394752K, used 258027K [0x00000000e0000000, 0x0000000100000000, 0x0000000100000000)
  eden space 332800K, 59% used [0x00000000e0000000,0x00000000ec08dfe8,0x00000000f4500000)
  from space 61952K, 98% used [0x00000000fc380000,0x00000000ffeecc70,0x0000000100000000)
  to   space 95744K, 0% used [0x00000000f4500000,0x00000000f4500000,0x00000000fa280000)
 ParOldGen       total 435712K, used 264682K [0x00000000a0000000, 0x00000000ba980000, 0x00000000e0000000)
  object space 435712K, 60% used [0x00000000a0000000,0x00000000b027aaf0,0x00000000ba980000)
 Metaspace       used 136169K, capacity 143806K, committed 144020K, reserved 1173504K
  class space    used 17580K, capacity 19226K, committed 19348K, reserved 1048576K
GC Heap History (10 events):
Event: 2793.767 GC heap before
{Heap before GC invocations=63 (full 7):
 PSYoungGen      total 487424K, used 470779K [0x00000000e0000000, 0x00000000ffb80000, 0x0000000100000000)
  eden space 455168K, 100% used [0x00000000e0000000,0x00000000fbc80000,0x00000000fbc80000)
  from space 32256K, 48% used [0x00000000fbc80000,0x00000000fcbbef38,0x00000000fdc00000)
  to   space 30208K, 99% used [0x00000000fde00000,0x00000000ffb7c688,0x00000000ffb80000)
 ParOldGen       total 344576K, used 344508K [0x00000000a0000000, 0x00000000b5080000, 0x00000000e0000000)
  object space 344576K, 99% used [0x00000000a0000000,0x00000000b506f170,0x00000000b5080000)
 Metaspace       used 107601K, capacity 114526K, committed 114836K, reserved 1148928K
  class space    used 13717K, capacity 15165K, committed 15252K, reserved 1048576K
Event: 2795.247 GC heap after
Heap after GC invocations=63 (full 7):
 PSYoungGen      total 487424K, used 0K [0x00000000e0000000, 0x00000000ffb80000, 0x0000000100000000)
  eden space 455168K, 0% used [0x00000000e0000000,0x00000000e0000000,0x00000000fbc80000)
  from space 32256K, 0% used [0x00000000fbc80000,0x00000000fbc80000,0x00000000fdc00000)
  to   space 30208K, 0% used [0x00000000fde00000,0x00000000fde00000,0x00000000ffb80000)
 ParOldGen       total 400896K, used 234326K [0x00000000a0000000, 0x00000000b8780000, 0x00000000e0000000)
  object space 400896K, 58% used [0x00000000a0000000,0x00000000ae4d5bf8,0x00000000b8780000)
 Metaspace       used 107589K, capacity 114494K, committed 114836K, reserved 1148928K
  class space    used 13713K, capacity 15157K, committed 15252K, reserved 1048576K
}
Event: 2801.557 GC heap before
{Heap before GC invocations=64 (full 7):
 PSYoungGen      total 487424K, used 455168K [0x00000000e0000000, 0x00000000ffb80000, 0x0000000100000000)
  eden space 455168K, 100% used [0x00000000e0000000,0x00000000fbc80000,0x00000000fbc80000)
  from space 32256K, 0% used [0x00000000fbc80000,0x00000000fbc80000,0x00000000fdc00000)
  to   space 30208K, 0% used [0x00000000fde00000,0x00000000fde00000,0x00000000ffb80000)
 ParOldGen       total 400896K, used 234326K [0x00000000a0000000, 0x00000000b8780000, 0x00000000e0000000)
  object space 400896K, 58% used [0x00000000a0000000,0x00000000ae4d5bf8,0x00000000b8780000)
 Metaspace       used 119458K, capacity 126682K, committed 126996K, reserved 1159168K
  class space    used 15367K, capacity 16885K, committed 16916K, reserved 1048576K
Event: 2801.681 GC heap after
Heap after GC invocations=64 (full 7):
 PSYoungGen      total 430592K, used 30183K [0x00000000e0000000, 0x0000000100000000, 0x0000000100000000)
  eden space 400384K, 0% used [0x00000000e0000000,0x00000000e0000000,0x00000000f8700000)
  from space 30208K, 99% used [0x00000000fde00000,0x00000000ffb79fd8,0x00000000ffb80000)
  to   space 61952K, 0% used [0x00000000f8700000,0x00000000f8700000,0x00000000fc380000)
 ParOldGen       total 400896K, used 309255K [0x00000000a0000000, 0x00000000b8780000, 0x00000000e0000000)
  object space 400896K, 77% used [0x00000000a0000000,0x00000000b2e01e98,0x00000000b8780000)
 Metaspace       used 119458K, capacity 126682K, committed 126996K, reserved 1159168K
  class space    used 15367K, capacity 16885K, committed 16916K, reserved 1048576K
}
Event: 2810.735 GC heap before
{Heap before GC invocations=65 (full 7):
 PSYoungGen      total 430592K, used 430567K [0x00000000e0000000, 0x0000000100000000, 0x0000000100000000)
  eden space 400384K, 100% used [0x00000000e0000000,0x00000000f8700000,0x00000000f8700000)
  from space 30208K, 99% used [0x00000000fde00000,0x00000000ffb79fd8,0x00000000ffb80000)
  to   space 61952K, 0% used [0x00000000f8700000,0x00000000f8700000,0x00000000fc380000)
 ParOldGen       total 400896K, used 309255K [0x00000000a0000000, 0x00000000b8780000, 0x00000000e0000000)
  object space 400896K, 77% used [0x00000000a0000000,0x00000000b2e01e98,0x00000000b8780000)
 Metaspace       used 135450K, capacity 143096K, committed 143380K, reserved 1173504K
  class space    used 17493K, capacity 19163K, committed 19220K, reserved 1048576K
Event: 2810.843 GC heap after
Heap after GC invocations=65 (full 7):
 PSYoungGen      total 462336K, used 61931K [0x00000000e0000000, 0x0000000100000000, 0x0000000100000000)
  eden space 400384K, 0% used [0x00000000e0000000,0x00000000e0000000,0x00000000f8700000)
  from space 61952K, 99% used [0x00000000f8700000,0x00000000fc37adc8,0x00000000fc380000)
  to   space 61952K, 0% used [0x00000000fc380000,0x00000000fc380000,0x0000000100000000)
 ParOldGen       total 400896K, used 361144K [0x00000000a0000000, 0x00000000b8780000, 0x00000000e0000000)
  object space 400896K, 90% used [0x00000000a0000000,0x00000000b60ae2c0,0x00000000b8780000)
 Metaspace       used 135450K, capacity 143096K, committed 143380K, reserved 1173504K
  class space    used 17493K, capacity 19163K, committed 19220K, reserved 1048576K
}
Event: 2810.843 GC heap before
{Heap before GC invocations=66 (full 8):
 PSYoungGen      total 462336K, used 61931K [0x00000000e0000000, 0x0000000100000000, 0x0000000100000000)
  eden space 400384K, 0% used [0x00000000e0000000,0x00000000e0000000,0x00000000f8700000)
  from space 61952K, 99% used [0x00000000f8700000,0x00000000fc37adc8,0x00000000fc380000)
  to   space 61952K, 0% used [0x00000000fc380000,0x00000000fc380000,0x0000000100000000)
 ParOldGen       total 400896K, used 361144K [0x00000000a0000000, 0x00000000b8780000, 0x00000000e0000000)
  object space 400896K, 90% used [0x00000000a0000000,0x00000000b60ae2c0,0x00000000b8780000)
 Metaspace       used 135450K, capacity 143096K, committed 143380K, reserved 1173504K
  class space    used 17493K, capacity 19163K, committed 19220K, reserved 1048576K
Event: 2811.289 GC heap after
Heap after GC invocations=66 (full 8):
 PSYoungGen      total 462336K, used 0K [0x00000000e0000000, 0x0000000100000000, 0x0000000100000000)
  eden space 400384K, 0% used [0x00000000e0000000,0x00000000e0000000,0x00000000f8700000)
  from space 61952K, 0% used [0x00000000f8700000,0x00000000f8700000,0x00000000fc380000)
  to   space 61952K, 0% used [0x00000000fc380000,0x00000000fc380000,0x0000000100000000)
 ParOldGen       total 435712K, used 213199K [0x00000000a0000000, 0x00000000ba980000, 0x00000000e0000000)
  object space 435712K, 48% used [0x00000000a0000000,0x00000000ad033dc0,0x00000000ba980000)
 Metaspace       used 135450K, capacity 143096K, committed 143380K, reserved 1173504K
  class space    used 17493K, capacity 19163K, committed 19220K, reserved 1048576K
}
Event: 2816.328 GC heap before
{Heap before GC invocations=67 (full 8):
 PSYoungGen      total 462336K, used 397404K [0x00000000e0000000, 0x0000000100000000, 0x0000000100000000)
  eden space 400384K, 99% used [0x00000000e0000000,0x00000000f84173f0,0x00000000f8700000)
  from space 61952K, 0% used [0x00000000f8700000,0x00000000f8700000,0x00000000fc380000)
  to   space 61952K, 0% used [0x00000000fc380000,0x00000000fc380000,0x0000000100000000)
 ParOldGen       total 435712K, used 213199K [0x00000000a0000000, 0x00000000ba980000, 0x00000000e0000000)
  object space 435712K, 48% used [0x00000000a0000000,0x00000000ad033dc0,0x00000000ba980000)
 Metaspace       used 135498K, capacity 143174K, committed 143380K, reserved 1173504K
  class space    used 17497K, capacity 19164K, committed 19220K, reserved 1048576K
Event: 2816.392 GC heap after
Heap after GC invocations=67 (full 8):
 PSYoungGen      total 394752K, used 60851K [0x00000000e0000000, 0x0000000100000000, 0x0000000100000000)
  eden space 332800K, 0% used [0x00000000e0000000,0x00000000e0000000,0x00000000f4500000)
  from space 61952K, 98% used [0x00000000fc380000,0x00000000ffeecc70,0x0000000100000000)
  to   space 95744K, 0% used [0x00000000f4500000,0x00000000f4500000,0x00000000fa280000)
 ParOldGen       total 435712K, used 264682K [0x00000000a0000000, 0x00000000ba980000, 0x00000000e0000000)
  object space 435712K, 60% used [0x00000000a0000000,0x00000000b027aaf0,0x00000000ba980000)
 Metaspace       used 135498K, capacity 143174K, committed 143380K, reserved 1173504K
  class space    used 17497K, capacity 19164K, committed 19220K, reserved 1048576K
}

