# JRE version: OpenJDK Runtime Environment (8.0_242-b01) (build 1.8.0_242-release-1644-b01)
# Java VM: OpenJDK 64-Bit Server VM (25.242-b01 mixed mode windows-amd64 compressed oops)
Heap:
 PSYoungGen      total 185856K, used 88417K [0x00000000e0000000, 0x00000000ef400000, 0x0000000100000000)
  eden space 161792K, 39% used [0x00000000e0000000,0x00000000e3ee07e0,0x00000000e9e00000)
  from space 24064K, 99% used [0x00000000e9e00000,0x00000000eb578010,0x00000000eb580000)
  to   space 28160K, 0% used [0x00000000ed880000,0x00000000ed880000,0x00000000ef400000)
 ParOldGen       total 145408K, used 43874K [0x00000000a0000000, 0x00000000a8e00000, 0x00000000e0000000)
  object space 145408K, 30% used [0x00000000a0000000,0x00000000a2ad8b58,0x00000000a8e00000)
 Metaspace       used 60996K, capacity 65168K, committed 65300K, reserved 1105920K
  class space    used 8324K, capacity 9419K, committed 9492K, reserved 1048576K
GC Heap History (10 events):
Event: 29.637 GC heap before
{Heap before GC invocations=12 (full 2):
 PSYoungGen      total 115712K, used 102912K [0x00000000e0000000, 0x00000000ea000000, 0x0000000100000000)
  eden space 102912K, 100% used [0x00000000e0000000,0x00000000e6480000,0x00000000e6480000)
  from space 12800K, 0% used [0x00000000e6480000,0x00000000e6480000,0x00000000e7100000)
  to   space 13824K, 0% used [0x00000000e9280000,0x00000000e9280000,0x00000000ea000000)
 ParOldGen       total 90624K, used 18803K [0x00000000a0000000, 0x00000000a5880000, 0x00000000e0000000)
  object space 90624K, 20% used [0x00000000a0000000,0x00000000a125cc70,0x00000000a5880000)
 Metaspace       used 44474K, capacity 45668K, committed 46040K, reserved 1089536K
  class space    used 5961K, capacity 6255K, committed 6360K, reserved 1048576K
Event: 29.661 GC heap after
Heap after GC invocations=12 (full 2):
 PSYoungGen      total 145920K, used 13498K [0x00000000e0000000, 0x00000000ea000000, 0x0000000100000000)
  eden space 132096K, 0% used [0x00000000e0000000,0x00000000e0000000,0x00000000e8100000)
  from space 13824K, 97% used [0x00000000e9280000,0x00000000e9faeb38,0x00000000ea000000)
  to   space 15360K, 0% used [0x00000000e8200000,0x00000000e8200000,0x00000000e9100000)
 ParOldGen       total 90624K, used 18811K [0x00000000a0000000, 0x00000000a5880000, 0x00000000e0000000)
  object space 90624K, 20% used [0x00000000a0000000,0x00000000a125ec70,0x00000000a5880000)
 Metaspace       used 44474K, capacity 45668K, committed 46040K, reserved 1089536K
  class space    used 5961K, capacity 6255K, committed 6360K, reserved 1048576K
}
Event: 35.389 GC heap before
{Heap before GC invocations=13 (full 2):
 PSYoungGen      total 145920K, used 145594K [0x00000000e0000000, 0x00000000ea000000, 0x0000000100000000)
  eden space 132096K, 100% used [0x00000000e0000000,0x00000000e8100000,0x00000000e8100000)
  from space 13824K, 97% used [0x00000000e9280000,0x00000000e9faeb38,0x00000000ea000000)
  to   space 15360K, 0% used [0x00000000e8200000,0x00000000e8200000,0x00000000e9100000)
 ParOldGen       total 90624K, used 18811K [0x00000000a0000000, 0x00000000a5880000, 0x00000000e0000000)
  object space 90624K, 20% used [0x00000000a0000000,0x00000000a125ec70,0x00000000a5880000)
 Metaspace       used 50960K, capacity 52640K, committed 52952K, reserved 1095680K
  class space    used 6860K, capacity 7312K, committed 7384K, reserved 1048576K
Event: 35.424 GC heap after
Heap after GC invocations=13 (full 2):
 PSYoungGen      total 148480K, used 15339K [0x00000000e0000000, 0x00000000ec780000, 0x0000000100000000)
  eden space 133120K, 0% used [0x00000000e0000000,0x00000000e0000000,0x00000000e8200000)
  from space 15360K, 99% used [0x00000000e8200000,0x00000000e90fac88,0x00000000e9100000)
  to   space 18432K, 0% used [0x00000000eb580000,0x00000000eb580000,0x00000000ec780000)
 ParOldGen       total 90624K, used 21860K [0x00000000a0000000, 0x00000000a5880000, 0x00000000e0000000)
  object space 90624K, 24% used [0x00000000a0000000,0x00000000a15590f0,0x00000000a5880000)
 Metaspace       used 50960K, capacity 52640K, committed 52952K, reserved 1095680K
  class space    used 6860K, capacity 7312K, committed 7384K, reserved 1048576K
}
Event: 41.745 GC heap before
{Heap before GC invocations=14 (full 2):
 PSYoungGen      total 148480K, used 136156K [0x00000000e0000000, 0x00000000ec780000, 0x0000000100000000)
  eden space 133120K, 90% used [0x00000000e0000000,0x00000000e75fc3e0,0x00000000e8200000)
  from space 15360K, 99% used [0x00000000e8200000,0x00000000e90fac88,0x00000000e9100000)
  to   space 18432K, 0% used [0x00000000eb580000,0x00000000eb580000,0x00000000ec780000)
 ParOldGen       total 90624K, used 21860K [0x00000000a0000000, 0x00000000a5880000, 0x00000000e0000000)
  object space 90624K, 24% used [0x00000000a0000000,0x00000000a15590f0,0x00000000a5880000)
 Metaspace       used 56897K, capacity 58990K, committed 59028K, reserved 1099776K
  class space    used 7729K, capacity 8305K, committed 8340K, reserved 1048576K
Event: 41.784 GC heap after
Heap after GC invocations=14 (full 2):
 PSYoungGen      total 180224K, used 18408K [0x00000000e0000000, 0x00000000ed280000, 0x0000000100000000)
  eden space 161792K, 0% used [0x00000000e0000000,0x00000000e0000000,0x00000000e9e00000)
  from space 18432K, 99% used [0x00000000eb580000,0x00000000ec77a130,0x00000000ec780000)
  to   space 24064K, 0% used [0x00000000e9e00000,0x00000000e9e00000,0x00000000eb580000)
 ParOldGen       total 90624K, used 29341K [0x00000000a0000000, 0x00000000a5880000, 0x00000000e0000000)
  object space 90624K, 32% used [0x00000000a0000000,0x00000000a1ca7548,0x00000000a5880000)
 Metaspace       used 56897K, capacity 58990K, committed 59028K, reserved 1099776K
  class space    used 7729K, capacity 8305K, committed 8340K, reserved 1048576K
}
Event: 41.784 GC heap before
{Heap before GC invocations=15 (full 3):
 PSYoungGen      total 180224K, used 18408K [0x00000000e0000000, 0x00000000ed280000, 0x0000000100000000)
  eden space 161792K, 0% used [0x00000000e0000000,0x00000000e0000000,0x00000000e9e00000)
  from space 18432K, 99% used [0x00000000eb580000,0x00000000ec77a130,0x00000000ec780000)
  to   space 24064K, 0% used [0x00000000e9e00000,0x00000000e9e00000,0x00000000eb580000)
 ParOldGen       total 90624K, used 29341K [0x00000000a0000000, 0x00000000a5880000, 0x00000000e0000000)
  object space 90624K, 32% used [0x00000000a0000000,0x00000000a1ca7548,0x00000000a5880000)
 Metaspace       used 56897K, capacity 58990K, committed 59028K, reserved 1099776K
  class space    used 7729K, capacity 8305K, committed 8340K, reserved 1048576K
Event: 42.501 GC heap after
Heap after GC invocations=15 (full 3):
 PSYoungGen      total 180224K, used 0K [0x00000000e0000000, 0x00000000ed280000, 0x0000000100000000)
  eden space 161792K, 0% used [0x00000000e0000000,0x00000000e0000000,0x00000000e9e00000)
  from space 18432K, 0% used [0x00000000eb580000,0x00000000eb580000,0x00000000ec780000)
  to   space 24064K, 0% used [0x00000000e9e00000,0x00000000e9e00000,0x00000000eb580000)
 ParOldGen       total 145408K, used 41337K [0x00000000a0000000, 0x00000000a8e00000, 0x00000000e0000000)
  object space 145408K, 28% used [0x00000000a0000000,0x00000000a285e690,0x00000000a8e00000)
 Metaspace       used 56897K, capacity 58990K, committed 59028K, reserved 1099776K
  class space    used 7729K, capacity 8305K, committed 8340K, reserved 1048576K
}
Event: 52.096 GC heap before
{Heap before GC invocations=16 (full 3):
 PSYoungGen      total 180224K, used 161792K [0x00000000e0000000, 0x00000000ed280000, 0x0000000100000000)
  eden space 161792K, 100% used [0x00000000e0000000,0x00000000e9e00000,0x00000000e9e00000)
  from space 18432K, 0% used [0x00000000eb580000,0x00000000eb580000,0x00000000ec780000)
  to   space 24064K, 0% used [0x00000000e9e00000,0x00000000e9e00000,0x00000000eb580000)
 ParOldGen       total 145408K, used 41337K [0x00000000a0000000, 0x00000000a8e00000, 0x00000000e0000000)
  object space 145408K, 28% used [0x00000000a0000000,0x00000000a285e690,0x00000000a8e00000)
 Metaspace       used 60191K, capacity 63784K, committed 64020K, reserved 1103872K
  class space    used 8202K, capacity 9175K, committed 9236K, reserved 1048576K
Event: 52.244 GC heap after
Heap after GC invocations=16 (full 3):
 PSYoungGen      total 185856K, used 24032K [0x00000000e0000000, 0x00000000ef400000, 0x0000000100000000)
  eden space 161792K, 0% used [0x00000000e0000000,0x00000000e0000000,0x00000000e9e00000)
  from space 24064K, 99% used [0x00000000e9e00000,0x00000000eb578010,0x00000000eb580000)
  to   space 28160K, 0% used [0x00000000ed880000,0x00000000ed880000,0x00000000ef400000)
 ParOldGen       total 145408K, used 43874K [0x00000000a0000000, 0x00000000a8e00000, 0x00000000e0000000)
  object space 145408K, 30% used [0x00000000a0000000,0x00000000a2ad8b58,0x00000000a8e00000)
 Metaspace       used 60191K, capacity 63784K, committed 64020K, reserved 1103872K
  class space    used 8202K, capacity 9175K, committed 9236K, reserved 1048576K
}

