# JRE version: OpenJDK Runtime Environment (8.0_242-b01) (build 1.8.0_242-release-1644-b01)
# Java VM: OpenJDK 64-Bit Server VM (25.242-b01 mixed mode windows-amd64 compressed oops)
Heap:
 PSYoungGen      total 118784K, used 62583K [0x00000000e0000000, 0x00000000eac80000, 0x0000000100000000)
  eden space 106496K, 58% used [0x00000000e0000000,0x00000000e3d1dd78,0x00000000e6800000)
  from space 12288K, 0% used [0x00000000e6800000,0x00000000e6800000,0x00000000e7400000)
  to   space 13824K, 0% used [0x00000000e9f00000,0x00000000e9f00000,0x00000000eac80000)
 ParOldGen       total 87552K, used 18364K [0x00000000a0000000, 0x00000000a5580000, 0x00000000e0000000)
  object space 87552K, 20% used [0x00000000a0000000,0x00000000a11ef2e8,0x00000000a5580000)
 Metaspace       used 41390K, capacity 42386K, committed 42536K, reserved 1085440K
  class space    used 5576K, capacity 5850K, committed 5928K, reserved 1048576K
GC Heap History (10 events):
Event: 6.867 GC heap before
{Heap before GC invocations=7 (full 1):
 PSYoungGen      total 75776K, used 8771K [0x00000000e0000000, 0x00000000e5700000, 0x0000000100000000)
  eden space 65536K, 0% used [0x00000000e0000000,0x00000000e0000000,0x00000000e4000000)
  from space 10240K, 85% used [0x00000000e4b00000,0x00000000e5390e78,0x00000000e5500000)
  to   space 11264K, 0% used [0x00000000e4000000,0x00000000e4000000,0x00000000e4b00000)
 ParOldGen       total 87552K, used 6905K [0x00000000a0000000, 0x00000000a5580000, 0x00000000e0000000)
  object space 87552K, 7% used [0x00000000a0000000,0x00000000a06be718,0x00000000a5580000)
 Metaspace       used 20705K, capacity 21046K, committed 21296K, reserved 1067008K
  class space    used 2917K, capacity 3081K, committed 3120K, reserved 1048576K
Event: 6.918 GC heap after
Heap after GC invocations=7 (full 1):
 PSYoungGen      total 75776K, used 0K [0x00000000e0000000, 0x00000000e5700000, 0x0000000100000000)
  eden space 65536K, 0% used [0x00000000e0000000,0x00000000e0000000,0x00000000e4000000)
  from space 10240K, 0% used [0x00000000e4b00000,0x00000000e4b00000,0x00000000e5500000)
  to   space 11264K, 0% used [0x00000000e4000000,0x00000000e4000000,0x00000000e4b00000)
 ParOldGen       total 58368K, used 9282K [0x00000000a0000000, 0x00000000a3900000, 0x00000000e0000000)
  object space 58368K, 15% used [0x00000000a0000000,0x00000000a0910878,0x00000000a3900000)
 Metaspace       used 20705K, capacity 21046K, committed 21296K, reserved 1067008K
  class space    used 2917K, capacity 3081K, committed 3120K, reserved 1048576K
}
Event: 9.283 GC heap before
{Heap before GC invocations=8 (full 1):
 PSYoungGen      total 75776K, used 65536K [0x00000000e0000000, 0x00000000e5700000, 0x0000000100000000)
  eden space 65536K, 100% used [0x00000000e0000000,0x00000000e4000000,0x00000000e4000000)
  from space 10240K, 0% used [0x00000000e4b00000,0x00000000e4b00000,0x00000000e5500000)
  to   space 11264K, 0% used [0x00000000e4000000,0x00000000e4000000,0x00000000e4b00000)
 ParOldGen       total 58368K, used 9282K [0x00000000a0000000, 0x00000000a3900000, 0x00000000e0000000)
  object space 58368K, 15% used [0x00000000a0000000,0x00000000a0910878,0x00000000a3900000)
 Metaspace       used 27951K, capacity 28470K, committed 28848K, reserved 1075200K
  class space    used 3817K, capacity 4008K, committed 4016K, reserved 1048576K
Event: 9.299 GC heap after
Heap after GC invocations=8 (full 1):
 PSYoungGen      total 76800K, used 8466K [0x00000000e0000000, 0x00000000e7f80000, 0x0000000100000000)
  eden space 65536K, 0% used [0x00000000e0000000,0x00000000e0000000,0x00000000e4000000)
  from space 11264K, 75% used [0x00000000e4000000,0x00000000e48448d0,0x00000000e4b00000)
  to   space 11776K, 0% used [0x00000000e7400000,0x00000000e7400000,0x00000000e7f80000)
 ParOldGen       total 58368K, used 9290K [0x00000000a0000000, 0x00000000a3900000, 0x00000000e0000000)
  object space 58368K, 15% used [0x00000000a0000000,0x00000000a0912878,0x00000000a3900000)
 Metaspace       used 27951K, capacity 28470K, committed 28848K, reserved 1075200K
  class space    used 3817K, capacity 4008K, committed 4016K, reserved 1048576K
}
Event: 10.189 GC heap before
{Heap before GC invocations=9 (full 1):
 PSYoungGen      total 76800K, used 74002K [0x00000000e0000000, 0x00000000e7f80000, 0x0000000100000000)
  eden space 65536K, 100% used [0x00000000e0000000,0x00000000e4000000,0x00000000e4000000)
  from space 11264K, 75% used [0x00000000e4000000,0x00000000e48448d0,0x00000000e4b00000)
  to   space 11776K, 0% used [0x00000000e7400000,0x00000000e7400000,0x00000000e7f80000)
 ParOldGen       total 58368K, used 9290K [0x00000000a0000000, 0x00000000a3900000, 0x00000000e0000000)
  object space 58368K, 15% used [0x00000000a0000000,0x00000000a0912878,0x00000000a3900000)
 Metaspace       used 31395K, capacity 31892K, committed 32176K, reserved 1077248K
  class space    used 4286K, capacity 4466K, committed 4528K, reserved 1048576K
Event: 10.214 GC heap after
Heap after GC invocations=9 (full 1):
 PSYoungGen      total 118272K, used 9315K [0x00000000e0000000, 0x00000000e8400000, 0x0000000100000000)
  eden space 106496K, 0% used [0x00000000e0000000,0x00000000e0000000,0x00000000e6800000)
  from space 11776K, 79% used [0x00000000e7400000,0x00000000e7d18f68,0x00000000e7f80000)
  to   space 12288K, 0% used [0x00000000e6800000,0x00000000e6800000,0x00000000e7400000)
 ParOldGen       total 58368K, used 9290K [0x00000000a0000000, 0x00000000a3900000, 0x00000000e0000000)
  object space 58368K, 15% used [0x00000000a0000000,0x00000000a0912878,0x00000000a3900000)
 Metaspace       used 31395K, capacity 31892K, committed 32176K, reserved 1077248K
  class space    used 4286K, capacity 4466K, committed 4528K, reserved 1048576K
}
Event: 11.826 GC heap before
{Heap before GC invocations=10 (full 1):
 PSYoungGen      total 118272K, used 73975K [0x00000000e0000000, 0x00000000e8400000, 0x0000000100000000)
  eden space 106496K, 60% used [0x00000000e0000000,0x00000000e3f24df0,0x00000000e6800000)
  from space 11776K, 79% used [0x00000000e7400000,0x00000000e7d18f68,0x00000000e7f80000)
  to   space 12288K, 0% used [0x00000000e6800000,0x00000000e6800000,0x00000000e7400000)
 ParOldGen       total 58368K, used 9290K [0x00000000a0000000, 0x00000000a3900000, 0x00000000e0000000)
  object space 58368K, 15% used [0x00000000a0000000,0x00000000a0912878,0x00000000a3900000)
 Metaspace       used 34539K, capacity 35394K, committed 35496K, reserved 1079296K
  class space    used 4724K, capacity 4933K, committed 5032K, reserved 1048576K
Event: 11.841 GC heap after
Heap after GC invocations=10 (full 1):
 PSYoungGen      total 118784K, used 11590K [0x00000000e0000000, 0x00000000eac80000, 0x0000000100000000)
  eden space 106496K, 0% used [0x00000000e0000000,0x00000000e0000000,0x00000000e6800000)
  from space 12288K, 94% used [0x00000000e6800000,0x00000000e7351918,0x00000000e7400000)
  to   space 13824K, 0% used [0x00000000e9f00000,0x00000000e9f00000,0x00000000eac80000)
 ParOldGen       total 58368K, used 9298K [0x00000000a0000000, 0x00000000a3900000, 0x00000000e0000000)
  object space 58368K, 15% used [0x00000000a0000000,0x00000000a0914878,0x00000000a3900000)
 Metaspace       used 34539K, capacity 35394K, committed 35496K, reserved 1079296K
  class space    used 4724K, capacity 4933K, committed 5032K, reserved 1048576K
}
Event: 11.841 GC heap before
{Heap before GC invocations=11 (full 2):
 PSYoungGen      total 118784K, used 11590K [0x00000000e0000000, 0x00000000eac80000, 0x0000000100000000)
  eden space 106496K, 0% used [0x00000000e0000000,0x00000000e0000000,0x00000000e6800000)
  from space 12288K, 94% used [0x00000000e6800000,0x00000000e7351918,0x00000000e7400000)
  to   space 13824K, 0% used [0x00000000e9f00000,0x00000000e9f00000,0x00000000eac80000)
 ParOldGen       total 58368K, used 9298K [0x00000000a0000000, 0x00000000a3900000, 0x00000000e0000000)
  object space 58368K, 15% used [0x00000000a0000000,0x00000000a0914878,0x00000000a3900000)
 Metaspace       used 34539K, capacity 35394K, committed 35496K, reserved 1079296K
  class space    used 4724K, capacity 4933K, committed 5032K, reserved 1048576K
Event: 11.921 GC heap after
Heap after GC invocations=11 (full 2):
 PSYoungGen      total 118784K, used 0K [0x00000000e0000000, 0x00000000eac80000, 0x0000000100000000)
  eden space 106496K, 0% used [0x00000000e0000000,0x00000000e0000000,0x00000000e6800000)
  from space 12288K, 0% used [0x00000000e6800000,0x00000000e6800000,0x00000000e7400000)
  to   space 13824K, 0% used [0x00000000e9f00000,0x00000000e9f00000,0x00000000eac80000)
 ParOldGen       total 87552K, used 18364K [0x00000000a0000000, 0x00000000a5580000, 0x00000000e0000000)
  object space 87552K, 20% used [0x00000000a0000000,0x00000000a11ef2e8,0x00000000a5580000)
 Metaspace       used 34534K, capacity 35376K, committed 35496K, reserved 1079296K
  class space    used 4722K, capacity 4930K, committed 5032K, reserved 1048576K
}

