# JRE version: OpenJDK Runtime Environment (8.0_242-b01) (build 1.8.0_242-release-1644-b01)
# Java VM: OpenJDK 64-Bit Server VM (25.242-b01 mixed mode windows-amd64 compressed oops)
Heap:
 PSYoungGen      total 181760K, used 45774K [0x00000000e0000000, 0x00000000edb80000, 0x0000000100000000)
  eden space 164352K, 27% used [0x00000000e0000000,0x00000000e2cb3bd8,0x00000000ea080000)
  from space 17408K, 0% used [0x00000000eca80000,0x00000000eca80000,0x00000000edb80000)
  to   space 15360K, 0% used [0x00000000ea080000,0x00000000ea080000,0x00000000eaf80000)
 ParOldGen       total 78336K, used 37674K [0x00000000a0000000, 0x00000000a4c80000, 0x00000000e0000000)
  object space 78336K, 48% used [0x00000000a0000000,0x00000000a24ca9b0,0x00000000a4c80000)
 Metaspace       used 58513K, capacity 60650K, committed 60760K, reserved 1101824K
  class space    used 7915K, capacity 8469K, committed 8536K, reserved 1048576K
GC Heap History (10 events):
Event: 43.177 GC heap before
{Heap before GC invocations=11 (full 2):
 PSYoungGen      total 128512K, used 10865K [0x00000000e0000000, 0x00000000ebe80000, 0x0000000100000000)
  eden space 116224K, 0% used [0x00000000e0000000,0x00000000e0000000,0x00000000e7180000)
  from space 12288K, 88% used [0x00000000e7180000,0x00000000e7c1c740,0x00000000e7d80000)
  to   space 13312K, 0% used [0x00000000eb180000,0x00000000eb180000,0x00000000ebe80000)
 ParOldGen       total 53760K, used 11004K [0x00000000a0000000, 0x00000000a3480000, 0x00000000e0000000)
  object space 53760K, 20% used [0x00000000a0000000,0x00000000a0abf288,0x00000000a3480000)
 Metaspace       used 34590K, capacity 35300K, committed 35416K, reserved 1079296K
  class space    used 4716K, capacity 4913K, committed 4952K, reserved 1048576K
Event: 43.634 GC heap after
Heap after GC invocations=11 (full 2):
 PSYoungGen      total 128512K, used 0K [0x00000000e0000000, 0x00000000ebe80000, 0x0000000100000000)
  eden space 116224K, 0% used [0x00000000e0000000,0x00000000e0000000,0x00000000e7180000)
  from space 12288K, 0% used [0x00000000e7180000,0x00000000e7180000,0x00000000e7d80000)
  to   space 13312K, 0% used [0x00000000eb180000,0x00000000eb180000,0x00000000ebe80000)
 ParOldGen       total 78336K, used 17429K [0x00000000a0000000, 0x00000000a4c80000, 0x00000000e0000000)
  object space 78336K, 22% used [0x00000000a0000000,0x00000000a1105630,0x00000000a4c80000)
 Metaspace       used 34590K, capacity 35300K, committed 35416K, reserved 1079296K
  class space    used 4716K, capacity 4913K, committed 4952K, reserved 1048576K
}
Event: 59.432 GC heap before
{Heap before GC invocations=12 (full 2):
 PSYoungGen      total 128512K, used 116224K [0x00000000e0000000, 0x00000000ebe80000, 0x0000000100000000)
  eden space 116224K, 100% used [0x00000000e0000000,0x00000000e7180000,0x00000000e7180000)
  from space 12288K, 0% used [0x00000000e7180000,0x00000000e7180000,0x00000000e7d80000)
  to   space 13312K, 0% used [0x00000000eb180000,0x00000000eb180000,0x00000000ebe80000)
 ParOldGen       total 78336K, used 17429K [0x00000000a0000000, 0x00000000a4c80000, 0x00000000e0000000)
  object space 78336K, 22% used [0x00000000a0000000,0x00000000a1105630,0x00000000a4c80000)
 Metaspace       used 45156K, capacity 46288K, committed 46552K, reserved 1089536K
  class space    used 6009K, capacity 6283K, committed 6360K, reserved 1048576K
Event: 59.516 GC heap after
Heap after GC invocations=12 (full 2):
 PSYoungGen      total 163840K, used 13304K [0x00000000e0000000, 0x00000000ebe80000, 0x0000000100000000)
  eden space 150528K, 0% used [0x00000000e0000000,0x00000000e0000000,0x00000000e9300000)
  from space 13312K, 99% used [0x00000000eb180000,0x00000000ebe7e368,0x00000000ebe80000)
  to   space 15360K, 0% used [0x00000000ea080000,0x00000000ea080000,0x00000000eaf80000)
 ParOldGen       total 78336K, used 18114K [0x00000000a0000000, 0x00000000a4c80000, 0x00000000e0000000)
  object space 78336K, 23% used [0x00000000a0000000,0x00000000a11b0bb0,0x00000000a4c80000)
 Metaspace       used 45156K, capacity 46288K, committed 46552K, reserved 1089536K
  class space    used 6009K, capacity 6283K, committed 6360K, reserved 1048576K
}
Event: 73.784 GC heap before
{Heap before GC invocations=13 (full 2):
 PSYoungGen      total 163840K, used 163832K [0x00000000e0000000, 0x00000000ebe80000, 0x0000000100000000)
  eden space 150528K, 100% used [0x00000000e0000000,0x00000000e9300000,0x00000000e9300000)
  from space 13312K, 99% used [0x00000000eb180000,0x00000000ebe7e368,0x00000000ebe80000)
  to   space 15360K, 0% used [0x00000000ea080000,0x00000000ea080000,0x00000000eaf80000)
 ParOldGen       total 78336K, used 18114K [0x00000000a0000000, 0x00000000a4c80000, 0x00000000e0000000)
  object space 78336K, 23% used [0x00000000a0000000,0x00000000a11b0bb0,0x00000000a4c80000)
 Metaspace       used 53332K, capacity 54980K, committed 55128K, reserved 1097728K
  class space    used 7231K, capacity 7672K, committed 7768K, reserved 1048576K
Event: 73.857 GC heap after
Heap after GC invocations=13 (full 2):
 PSYoungGen      total 179712K, used 15352K [0x00000000e0000000, 0x00000000edb80000, 0x0000000100000000)
  eden space 164352K, 0% used [0x00000000e0000000,0x00000000e0000000,0x00000000ea080000)
  from space 15360K, 99% used [0x00000000ea080000,0x00000000eaf7e1c8,0x00000000eaf80000)
  to   space 17408K, 0% used [0x00000000eca80000,0x00000000eca80000,0x00000000edb80000)
 ParOldGen       total 78336K, used 24543K [0x00000000a0000000, 0x00000000a4c80000, 0x00000000e0000000)
  object space 78336K, 31% used [0x00000000a0000000,0x00000000a17f7c18,0x00000000a4c80000)
 Metaspace       used 53332K, capacity 54980K, committed 55128K, reserved 1097728K
  class space    used 7231K, capacity 7672K, committed 7768K, reserved 1048576K
}
Event: 83.661 GC heap before
{Heap before GC invocations=14 (full 2):
 PSYoungGen      total 179712K, used 108465K [0x00000000e0000000, 0x00000000edb80000, 0x0000000100000000)
  eden space 164352K, 56% used [0x00000000e0000000,0x00000000e5aee4f0,0x00000000ea080000)
  from space 15360K, 99% used [0x00000000ea080000,0x00000000eaf7e1c8,0x00000000eaf80000)
  to   space 17408K, 0% used [0x00000000eca80000,0x00000000eca80000,0x00000000edb80000)
 ParOldGen       total 78336K, used 24543K [0x00000000a0000000, 0x00000000a4c80000, 0x00000000e0000000)
  object space 78336K, 31% used [0x00000000a0000000,0x00000000a17f7c18,0x00000000a4c80000)
 Metaspace       used 56999K, capacity 58952K, committed 58968K, reserved 1099776K
  class space    used 7730K, capacity 8272K, committed 8280K, reserved 1048576K
Event: 83.782 GC heap after
Heap after GC invocations=14 (full 2):
 PSYoungGen      total 181760K, used 16903K [0x00000000e0000000, 0x00000000edb80000, 0x0000000100000000)
  eden space 164352K, 0% used [0x00000000e0000000,0x00000000e0000000,0x00000000ea080000)
  from space 17408K, 97% used [0x00000000eca80000,0x00000000edb01e78,0x00000000edb80000)
  to   space 15360K, 0% used [0x00000000ea080000,0x00000000ea080000,0x00000000eaf80000)
 ParOldGen       total 78336K, used 24615K [0x00000000a0000000, 0x00000000a4c80000, 0x00000000e0000000)
  object space 78336K, 31% used [0x00000000a0000000,0x00000000a1809c28,0x00000000a4c80000)
 Metaspace       used 56999K, capacity 58952K, committed 58968K, reserved 1099776K
  class space    used 7730K, capacity 8272K, committed 8280K, reserved 1048576K
}
Event: 83.782 GC heap before
{Heap before GC invocations=15 (full 3):
 PSYoungGen      total 181760K, used 16903K [0x00000000e0000000, 0x00000000edb80000, 0x0000000100000000)
  eden space 164352K, 0% used [0x00000000e0000000,0x00000000e0000000,0x00000000ea080000)
  from space 17408K, 97% used [0x00000000eca80000,0x00000000edb01e78,0x00000000edb80000)
  to   space 15360K, 0% used [0x00000000ea080000,0x00000000ea080000,0x00000000eaf80000)
 ParOldGen       total 78336K, used 24615K [0x00000000a0000000, 0x00000000a4c80000, 0x00000000e0000000)
  object space 78336K, 31% used [0x00000000a0000000,0x00000000a1809c28,0x00000000a4c80000)
 Metaspace       used 56999K, capacity 58952K, committed 58968K, reserved 1099776K
  class space    used 7730K, capacity 8272K, committed 8280K, reserved 1048576K
Event: 85.830 GC heap after
Heap after GC invocations=15 (full 3):
 PSYoungGen      total 181760K, used 0K [0x00000000e0000000, 0x00000000edb80000, 0x0000000100000000)
  eden space 164352K, 0% used [0x00000000e0000000,0x00000000e0000000,0x00000000ea080000)
  from space 17408K, 0% used [0x00000000eca80000,0x00000000eca80000,0x00000000edb80000)
  to   space 15360K, 0% used [0x00000000ea080000,0x00000000ea080000,0x00000000eaf80000)
 ParOldGen       total 78336K, used 37674K [0x00000000a0000000, 0x00000000a4c80000, 0x00000000e0000000)
  object space 78336K, 48% used [0x00000000a0000000,0x00000000a24ca9b0,0x00000000a4c80000)
 Metaspace       used 56999K, capacity 58952K, committed 58968K, reserved 1099776K
  class space    used 7730K, capacity 8272K, committed 8280K, reserved 1048576K
}

